<?xml version="1.0" encoding="UTF-8"?>
<!-- Generated by org.testng.reporters.JUnitReportReporter -->
<testsuite hostname="LT0184680" failures="0" tests="5" name="testCases.TC_003_LoginDDT" time="47.712" errors="0" timestamp="2024-09-12T18:14:18 IST" skipped="0">
  <testcase classname="testCases.TC_003_LoginDDT" name="verify_Loginddt" time="2.840"/>
  <testcase classname="testCases.TC_003_LoginDDT" name="verify_Loginddt" time="11.470"/>
  <testcase classname="testCases.TC_003_LoginDDT" name="verify_Loginddt" time="11.051"/>
  <testcase classname="testCases.TC_003_LoginDDT" name="verify_Loginddt" time="11.301"/>
  <testcase classname="testCases.TC_003_LoginDDT" name="verify_Loginddt" time="11.050"/>
</testsuite> <!-- testCases.TC_003_LoginDDT -->
