<?xml version="1.0" encoding="UTF-8"?>
<!-- Generated by org.testng.reporters.JUnitReportReporter -->
<testsuite hostname="LT0184680" failures="0" tests="1" name="testCases.TC_001_AccountRegisteration" time="3.371" errors="0" timestamp="2024-09-16T19:10:07 IST" skipped="0">
  <testcase classname="testCases.TC_001_AccountRegisteration" name="Registerationtest" time="3.371"/>
</testsuite> <!-- testCases.TC_001_AccountRegisteration -->
