<?xml version="1.0" encoding="UTF-8"?>
<!-- Generated by org.testng.reporters.JUnitReportReporter -->
<testsuite hostname="LT0184680" failures="0" tests="1" name="testCases.TC_001_AccountRegisteration" time="2.230" errors="0" timestamp="2024-09-24T04:57:18 IST" skipped="0">
  <testcase classname="testCases.TC_001_AccountRegisteration" name="Registerationtest" time="2.230"/>
</testsuite> <!-- testCases.TC_001_AccountRegisteration -->
