<?xml version="1.0" encoding="UTF-8"?>
<!-- Generated by org.testng.reporters.JUnitReportReporter -->
<testsuite hostname="LT0184680" failures="0" tests="1" name="testCases.TC_002_LoginTest" time="2.445" errors="0" timestamp="2024-09-22T07:13:01 IST" skipped="0">
  <testcase classname="testCases.TC_002_LoginTest" name="LoginTest" time="2.445"/>
</testsuite> <!-- testCases.TC_002_LoginTest -->
